INFO 2026-07-12 11:05:08,730 middleware 28164 34212 Incoming Request: GET /api/v1/dashboard/summary/ | User: AnonymousUser
INFO 2026-07-12 11:05:08,731 middleware 28164 30328 Incoming Request: GET /api/v1/dashboard/charts/ | User: AnonymousUser
INFO 2026-07-12 11:05:08,736 middleware 28164 29428 Incoming Request: GET /api/v1/dashboard/recent/ | User: AnonymousUser
INFO 2026-07-12 11:05:08,914 middleware 28164 30328 Completed Request: GET /api/v1/dashboard/charts/ | Status: 500 | Duration: 0.183s
INFO 2026-07-12 11:05:08,917 middleware 28164 29428 Completed Request: GET /api/v1/dashboard/recent/ | Status: 500 | Duration: 0.181s
INFO 2026-07-12 11:05:08,920 middleware 28164 34212 Completed Request: GET /api/v1/dashboard/summary/ | Status: 500 | Duration: 0.191s
INFO 2026-07-12 11:05:09,932 middleware 28164 34212 Incoming Request: GET /api/v1/dashboard/charts/ | User: AnonymousUser
INFO 2026-07-12 11:05:09,934 middleware 28164 29428 Incoming Request: GET /api/v1/dashboard/summary/ | User: AnonymousUser
INFO 2026-07-12 11:05:09,953 middleware 28164 30328 Incoming Request: GET /api/v1/dashboard/recent/ | User: AnonymousUser
INFO 2026-07-12 11:05:10,047 middleware 28164 34212 Completed Request: GET /api/v1/dashboard/charts/ | Status: 500 | Duration: 0.115s
INFO 2026-07-12 11:05:10,049 middleware 28164 30328 Completed Request: GET /api/v1/dashboard/recent/ | Status: 500 | Duration: 0.096s
INFO 2026-07-12 11:05:10,051 middleware 28164 29428 Completed Request: GET /api/v1/dashboard/summary/ | Status: 500 | Duration: 0.116s
INFO 2026-07-12 11:05:12,060 middleware 28164 29428 Incoming Request: GET /api/v1/dashboard/charts/ | User: AnonymousUser
INFO 2026-07-12 11:05:12,071 middleware 28164 30328 Incoming Request: GET /api/v1/dashboard/recent/ | User: AnonymousUser
INFO 2026-07-12 11:05:12,071 middleware 28164 34212 Incoming Request: GET /api/v1/dashboard/summary/ | User: AnonymousUser
INFO 2026-07-12 11:05:12,171 middleware 28164 29428 Completed Request: GET /api/v1/dashboard/charts/ | Status: 500 | Duration: 0.111s
INFO 2026-07-12 11:05:12,178 middleware 28164 30328 Completed Request: GET /api/v1/dashboard/recent/ | Status: 500 | Duration: 0.108s
INFO 2026-07-12 11:05:12,181 middleware 28164 34212 Completed Request: GET /api/v1/dashboard/summary/ | Status: 500 | Duration: 0.110s
INFO 2026-07-12 11:05:16,190 middleware 28164 34212 Incoming Request: GET /api/v1/dashboard/charts/ | User: AnonymousUser
INFO 2026-07-12 11:05:16,201 middleware 28164 30328 Incoming Request: GET /api/v1/dashboard/recent/ | User: AnonymousUser
INFO 2026-07-12 11:05:16,203 middleware 28164 29428 Incoming Request: GET /api/v1/dashboard/summary/ | User: AnonymousUser
INFO 2026-07-12 11:05:16,275 middleware 28164 30328 Completed Request: GET /api/v1/dashboard/recent/ | Status: 500 | Duration: 0.073s
INFO 2026-07-12 11:05:16,277 middleware 28164 29428 Completed Request: GET /api/v1/dashboard/summary/ | Status: 500 | Duration: 0.075s
INFO 2026-07-12 11:05:16,279 middleware 28164 34212 Completed Request: GET /api/v1/dashboard/charts/ | Status: 500 | Duration: 0.089s
INFO 2026-07-12 11:07:32,575 middleware 29144 25024 Incoming Request: GET /api/v1/dashboard/summary/ | User: AnonymousUser
INFO 2026-07-12 11:07:32,576 middleware 29144 20104 Incoming Request: GET /api/v1/dashboard/charts/ | User: AnonymousUser
INFO 2026-07-12 11:07:32,576 middleware 29144 23604 Incoming Request: GET /api/v1/dashboard/recent/ | User: AnonymousUser
INFO 2026-07-12 11:07:32,684 middleware 29144 23604 Completed Request: GET /api/v1/dashboard/recent/ | Status: 500 | Duration: 0.108s
INFO 2026-07-12 11:07:32,687 middleware 29144 25024 Completed Request: GET /api/v1/dashboard/summary/ | Status: 500 | Duration: 0.111s
INFO 2026-07-12 11:07:32,688 middleware 29144 20104 Completed Request: GET /api/v1/dashboard/charts/ | Status: 500 | Duration: 0.112s
INFO 2026-07-12 11:07:33,692 middleware 29144 20104 Incoming Request: GET /api/v1/dashboard/recent/ | User: AnonymousUser
INFO 2026-07-12 11:07:33,703 middleware 29144 23604 Incoming Request: GET /api/v1/dashboard/charts/ | User: AnonymousUser
INFO 2026-07-12 11:07:33,704 middleware 29144 25024 Incoming Request: GET /api/v1/dashboard/summary/ | User: AnonymousUser
INFO 2026-07-12 11:07:33,807 middleware 29144 20104 Completed Request: GET /api/v1/dashboard/recent/ | Status: 500 | Duration: 0.115s
INFO 2026-07-12 11:07:33,810 middleware 29144 23604 Completed Request: GET /api/v1/dashboard/charts/ | Status: 500 | Duration: 0.107s
INFO 2026-07-12 11:07:33,815 middleware 29144 25024 Completed Request: GET /api/v1/dashboard/summary/ | Status: 500 | Duration: 0.111s
INFO 2026-07-12 11:07:35,820 middleware 29144 25024 Incoming Request: GET /api/v1/dashboard/recent/ | User: AnonymousUser
INFO 2026-07-12 11:07:35,831 middleware 29144 23604 Incoming Request: GET /api/v1/dashboard/charts/ | User: AnonymousUser
INFO 2026-07-12 11:07:35,832 middleware 29144 20104 Incoming Request: GET /api/v1/dashboard/summary/ | User: AnonymousUser
INFO 2026-07-12 11:07:35,927 middleware 29144 23604 Completed Request: GET /api/v1/dashboard/charts/ | Status: 500 | Duration: 0.095s
INFO 2026-07-12 11:07:35,930 middleware 29144 25024 Completed Request: GET /api/v1/dashboard/recent/ | Status: 500 | Duration: 0.110s
INFO 2026-07-12 11:07:35,931 middleware 29144 20104 Completed Request: GET /api/v1/dashboard/summary/ | Status: 500 | Duration: 0.099s
INFO 2026-07-12 11:07:39,937 middleware 29144 20104 Incoming Request: GET /api/v1/dashboard/charts/ | User: AnonymousUser
INFO 2026-07-12 11:07:39,951 middleware 29144 25024 Incoming Request: GET /api/v1/dashboard/recent/ | User: AnonymousUser
INFO 2026-07-12 11:07:39,952 middleware 29144 23604 Incoming Request: GET /api/v1/dashboard/summary/ | User: AnonymousUser
INFO 2026-07-12 11:07:40,057 middleware 29144 20104 Completed Request: GET /api/v1/dashboard/charts/ | Status: 500 | Duration: 0.119s
INFO 2026-07-12 11:07:40,060 middleware 29144 23604 Completed Request: GET /api/v1/dashboard/summary/ | Status: 500 | Duration: 0.108s
INFO 2026-07-12 11:07:40,062 middleware 29144 25024 Completed Request: GET /api/v1/dashboard/recent/ | Status: 500 | Duration: 0.111s
INFO 2026-07-12 11:12:08,536 middleware 27860 18332 Incoming Request: GET /api/v1/dashboard/summary/ | User: AnonymousUser
INFO 2026-07-12 11:12:08,584 middleware 27860 18332 Completed Request: GET /api/v1/dashboard/summary/ | Status: 500 | Duration: 0.047s
INFO 2026-07-12 11:12:49,938 middleware 27860 28748 Incoming Request: GET /api/v1/dashboard/recent/ | User: AnonymousUser
INFO 2026-07-12 11:12:49,961 middleware 27860 28748 Completed Request: GET /api/v1/dashboard/recent/ | Status: 500 | Duration: 0.023s
INFO 2026-07-12 11:13:57,432 middleware 4188 33660 Incoming Request: GET /api/v1/dashboard/summary/ | User: AnonymousUser
INFO 2026-07-12 11:13:57,436 middleware 4188 33660 Completed Request: GET /api/v1/dashboard/summary/ | Status: 403 | Duration: 0.004s
INFO 2026-07-12 11:14:51,682 middleware 30424 23808 Incoming Request: GET /api/v1/dashboard/summary/ | User: AnonymousUser
INFO 2026-07-12 11:14:51,756 middleware 30424 23808 Completed Request: GET /api/v1/dashboard/summary/ | Status: 200 | Duration: 0.075s
INFO 2026-07-12 11:15:20,681 middleware 30424 18572 Incoming Request: GET /api/v1/dashboard/summary/ | User: AnonymousUser
INFO 2026-07-12 11:15:20,683 middleware 30424 19332 Incoming Request: GET /api/v1/dashboard/charts/ | User: AnonymousUser
INFO 2026-07-12 11:15:20,684 middleware 30424 21816 Incoming Request: GET /api/v1/dashboard/recent/ | User: AnonymousUser
INFO 2026-07-12 11:15:20,746 middleware 30424 19332 Completed Request: GET /api/v1/dashboard/charts/ | Status: 200 | Duration: 0.063s
INFO 2026-07-12 11:15:20,749 middleware 30424 18572 Completed Request: GET /api/v1/dashboard/summary/ | Status: 200 | Duration: 0.067s
INFO 2026-07-12 11:15:20,766 middleware 30424 21816 Completed Request: GET /api/v1/dashboard/recent/ | Status: 200 | Duration: 0.082s
INFO 2026-07-12 11:20:34,152 middleware 30424 30760 Incoming Request: GET /api/v1/dashboard/summary/ | User: AnonymousUser
INFO 2026-07-12 11:20:34,157 middleware 30424 28028 Incoming Request: GET /api/v1/dashboard/charts/ | User: AnonymousUser
INFO 2026-07-12 11:20:34,162 middleware 30424 25504 Incoming Request: GET /api/v1/dashboard/recent/ | User: AnonymousUser
INFO 2026-07-12 11:20:34,277 middleware 30424 28028 Completed Request: GET /api/v1/dashboard/charts/ | Status: 200 | Duration: 0.120s
INFO 2026-07-12 11:20:34,284 middleware 30424 30760 Completed Request: GET /api/v1/dashboard/summary/ | Status: 200 | Duration: 0.132s
INFO 2026-07-12 11:20:34,295 middleware 30424 25504 Completed Request: GET /api/v1/dashboard/recent/ | Status: 200 | Duration: 0.132s
INFO 2026-07-12 11:20:44,033 middleware 30424 25504 Incoming Request: GET /api/v1/dashboard/summary/ | User: AnonymousUser
INFO 2026-07-12 11:20:44,034 middleware 30424 28028 Incoming Request: GET /api/v1/dashboard/recent/ | User: AnonymousUser
INFO 2026-07-12 11:20:44,037 middleware 30424 30760 Incoming Request: GET /api/v1/dashboard/charts/ | User: AnonymousUser
INFO 2026-07-12 11:20:44,144 middleware 30424 30760 Completed Request: GET /api/v1/dashboard/charts/ | Status: 200 | Duration: 0.107s
INFO 2026-07-12 11:20:44,153 middleware 30424 25504 Completed Request: GET /api/v1/dashboard/summary/ | Status: 200 | Duration: 0.119s
INFO 2026-07-12 11:20:44,163 middleware 30424 28028 Completed Request: GET /api/v1/dashboard/recent/ | Status: 200 | Duration: 0.129s
INFO 2026-07-12 11:20:56,307 middleware 30424 28028 Incoming Request: GET /api/v1/vehicles/ | User: AnonymousUser
INFO 2026-07-12 11:21:03,568 middleware 30424 28028 Completed Request: GET /api/v1/vehicles/ | Status: 200 | Duration: 7.261s
INFO 2026-07-12 11:21:03,699 middleware 30424 28028 Incoming Request: GET /api/v1/vehicles/ | User: AnonymousUser
INFO 2026-07-12 11:21:03,757 middleware 30424 28028 Completed Request: GET /api/v1/vehicles/ | Status: 200 | Duration: 0.059s
INFO 2026-07-12 11:21:05,362 middleware 30424 28028 Incoming Request: GET /api/v1/trips/ | User: AnonymousUser
INFO 2026-07-12 11:21:05,430 middleware 30424 28028 Completed Request: GET /api/v1/trips/ | Status: 200 | Duration: 0.067s
INFO 2026-07-12 11:21:07,420 middleware 30424 28028 Incoming Request: GET /api/v1/maintenance/ | User: AnonymousUser
INFO 2026-07-12 11:21:07,587 middleware 30424 28028 Completed Request: GET /api/v1/maintenance/ | Status: 200 | Duration: 0.167s
INFO 2026-07-12 11:21:08,937 middleware 30424 28028 Incoming Request: GET /api/v1/fuel/ | User: AnonymousUser
INFO 2026-07-12 11:21:08,998 middleware 30424 28028 Completed Request: GET /api/v1/fuel/ | Status: 200 | Duration: 0.061s
INFO 2026-07-12 11:21:11,206 middleware 30424 28028 Incoming Request: GET /api/v1/expenses/ | User: AnonymousUser
INFO 2026-07-12 11:21:11,395 middleware 30424 28028 Completed Request: GET /api/v1/expenses/ | Status: 200 | Duration: 0.188s
INFO 2026-07-12 11:21:16,574 middleware 30424 28028 Incoming Request: GET /api/v1/reports/financial/ | User: AnonymousUser
INFO 2026-07-12 11:21:16,650 middleware 30424 28028 Completed Request: GET /api/v1/reports/financial/ | Status: 200 | Duration: 0.076s
INFO 2026-07-12 11:21:19,005 middleware 30424 28028 Incoming Request: GET /api/v1/dashboard/summary/ | User: AnonymousUser
INFO 2026-07-12 11:21:19,005 middleware 30424 25504 Incoming Request: GET /api/v1/dashboard/charts/ | User: AnonymousUser
INFO 2026-07-12 11:21:19,006 middleware 30424 30760 Incoming Request: GET /api/v1/dashboard/recent/ | User: AnonymousUser
INFO 2026-07-12 11:21:19,082 middleware 30424 25504 Completed Request: GET /api/v1/dashboard/charts/ | Status: 200 | Duration: 0.077s
INFO 2026-07-12 11:21:19,092 middleware 30424 28028 Completed Request: GET /api/v1/dashboard/summary/ | Status: 200 | Duration: 0.088s
INFO 2026-07-12 11:21:19,195 middleware 30424 30760 Completed Request: GET /api/v1/dashboard/recent/ | Status: 200 | Duration: 0.190s
INFO 2026-07-12 11:24:04,963 middleware 30424 30760 Incoming Request: GET /api/v1/dashboard/summary/ | User: AnonymousUser
INFO 2026-07-12 11:24:04,965 middleware 30424 28028 Incoming Request: GET /api/v1/dashboard/charts/ | User: AnonymousUser
INFO 2026-07-12 11:24:04,966 middleware 30424 25504 Incoming Request: GET /api/v1/dashboard/recent/ | User: AnonymousUser
INFO 2026-07-12 11:24:05,049 middleware 30424 28028 Completed Request: GET /api/v1/dashboard/charts/ | Status: 200 | Duration: 0.084s
INFO 2026-07-12 11:24:05,059 middleware 30424 30760 Completed Request: GET /api/v1/dashboard/summary/ | Status: 200 | Duration: 0.096s
INFO 2026-07-12 11:24:05,067 middleware 30424 25504 Completed Request: GET /api/v1/dashboard/recent/ | Status: 200 | Duration: 0.102s
INFO 2026-07-12 11:25:19,078 middleware 30424 25504 Incoming Request: GET /api/v1/dashboard/summary/ | User: AnonymousUser
INFO 2026-07-12 11:25:19,081 middleware 30424 28028 Incoming Request: GET /api/v1/dashboard/recent/ | User: AnonymousUser
INFO 2026-07-12 11:25:19,083 middleware 30424 30760 Incoming Request: GET /api/v1/dashboard/charts/ | User: AnonymousUser
INFO 2026-07-12 11:25:19,150 middleware 30424 30760 Completed Request: GET /api/v1/dashboard/charts/ | Status: 200 | Duration: 0.067s
INFO 2026-07-12 11:25:19,151 middleware 30424 25504 Completed Request: GET /api/v1/dashboard/summary/ | Status: 200 | Duration: 0.073s
INFO 2026-07-12 11:25:19,165 middleware 30424 28028 Completed Request: GET /api/v1/dashboard/recent/ | Status: 200 | Duration: 0.085s
INFO 2026-07-12 11:30:00,328 middleware 33508 22952 Incoming Request: GET /api/v1/dashboard/summary/ | User: AnonymousUser
INFO 2026-07-12 11:30:00,330 middleware 33508 2460 Incoming Request: GET /api/v1/dashboard/charts/ | User: AnonymousUser
INFO 2026-07-12 11:30:00,331 middleware 33508 10476 Incoming Request: GET /api/v1/dashboard/recent/ | User: AnonymousUser
INFO 2026-07-12 11:30:00,405 middleware 33508 22952 Completed Request: GET /api/v1/dashboard/summary/ | Status: 200 | Duration: 0.077s
INFO 2026-07-12 11:30:00,405 middleware 33508 10476 Completed Request: GET /api/v1/dashboard/recent/ | Status: 500 | Duration: 0.074s
INFO 2026-07-12 11:30:00,417 middleware 33508 2460 Completed Request: GET /api/v1/dashboard/charts/ | Status: 200 | Duration: 0.086s
INFO 2026-07-12 11:30:01,419 middleware 33508 2460 Incoming Request: GET /api/v1/dashboard/recent/ | User: AnonymousUser
INFO 2026-07-12 11:30:01,482 middleware 33508 2460 Completed Request: GET /api/v1/dashboard/recent/ | Status: 500 | Duration: 0.063s
INFO 2026-07-12 11:30:03,489 middleware 33508 2460 Incoming Request: GET /api/v1/dashboard/recent/ | User: AnonymousUser
INFO 2026-07-12 11:30:03,555 middleware 33508 2460 Completed Request: GET /api/v1/dashboard/recent/ | Status: 500 | Duration: 0.067s
INFO 2026-07-12 11:30:07,567 middleware 33508 2460 Incoming Request: GET /api/v1/dashboard/recent/ | User: AnonymousUser
INFO 2026-07-12 11:30:07,634 middleware 33508 2460 Completed Request: GET /api/v1/dashboard/recent/ | Status: 500 | Duration: 0.067s
INFO 2026-07-12 11:31:24,870 middleware 33508 2460 Incoming Request: GET /api/v1/dashboard/summary/ | User: AnonymousUser
INFO 2026-07-12 11:31:24,871 middleware 33508 10476 Incoming Request: GET /api/v1/dashboard/charts/ | User: AnonymousUser
INFO 2026-07-12 11:31:24,872 middleware 33508 22952 Incoming Request: GET /api/v1/dashboard/recent/ | User: AnonymousUser
INFO 2026-07-12 11:31:24,971 middleware 33508 10476 Completed Request: GET /api/v1/dashboard/charts/ | Status: 200 | Duration: 0.100s
INFO 2026-07-12 11:31:24,975 middleware 33508 22952 Completed Request: GET /api/v1/dashboard/recent/ | Status: 500 | Duration: 0.103s
INFO 2026-07-12 11:31:24,981 middleware 33508 2460 Completed Request: GET /api/v1/dashboard/summary/ | Status: 200 | Duration: 0.111s
INFO 2026-07-12 11:31:25,983 middleware 33508 2460 Incoming Request: GET /api/v1/dashboard/recent/ | User: AnonymousUser
INFO 2026-07-12 11:31:26,050 middleware 33508 2460 Completed Request: GET /api/v1/dashboard/recent/ | Status: 500 | Duration: 0.067s
INFO 2026-07-12 11:31:28,059 middleware 33508 2460 Incoming Request: GET /api/v1/dashboard/recent/ | User: AnonymousUser
INFO 2026-07-12 11:31:28,126 middleware 33508 2460 Completed Request: GET /api/v1/dashboard/recent/ | Status: 500 | Duration: 0.067s
INFO 2026-07-12 11:31:32,135 middleware 33508 2460 Incoming Request: GET /api/v1/dashboard/recent/ | User: AnonymousUser
INFO 2026-07-12 11:31:32,194 middleware 33508 2460 Completed Request: GET /api/v1/dashboard/recent/ | Status: 500 | Duration: 0.059s
INFO 2026-07-12 11:32:30,605 middleware 7840 16672 Incoming Request: GET /api/v1/dashboard/summary/ | User: AnonymousUser
INFO 2026-07-12 11:32:30,606 middleware 7840 29228 Incoming Request: GET /api/v1/dashboard/charts/ | User: AnonymousUser
INFO 2026-07-12 11:32:30,606 middleware 7840 31232 Incoming Request: GET /api/v1/dashboard/recent/ | User: AnonymousUser
INFO 2026-07-12 11:32:30,713 middleware 7840 16672 Completed Request: GET /api/v1/dashboard/summary/ | Status: 200 | Duration: 0.108s
INFO 2026-07-12 11:32:30,719 middleware 7840 29228 Completed Request: GET /api/v1/dashboard/charts/ | Status: 200 | Duration: 0.113s
INFO 2026-07-12 11:32:30,728 middleware 7840 31232 Completed Request: GET /api/v1/dashboard/recent/ | Status: 200 | Duration: 0.123s
INFO 2026-07-12 11:32:33,731 middleware 7840 31232 Incoming Request: GET /api/v1/vehicles/ | User: AnonymousUser
INFO 2026-07-12 11:32:33,796 middleware 7840 31232 Completed Request: GET /api/v1/vehicles/ | Status: 200 | Duration: 0.066s
INFO 2026-07-12 11:32:36,034 middleware 7840 31232 Incoming Request: GET /api/v1/drivers/ | User: AnonymousUser
INFO 2026-07-12 11:32:36,102 middleware 7840 31232 Completed Request: GET /api/v1/drivers/ | Status: 200 | Duration: 0.068s
INFO 2026-07-12 11:32:37,639 middleware 7840 31232 Incoming Request: GET /api/v1/trips/ | User: AnonymousUser
INFO 2026-07-12 11:32:37,852 middleware 7840 31232 Completed Request: GET /api/v1/trips/ | Status: 500 | Duration: 0.214s
INFO 2026-07-12 11:32:38,860 middleware 7840 31232 Incoming Request: GET /api/v1/trips/ | User: AnonymousUser
INFO 2026-07-12 11:32:39,247 middleware 7840 31232 Completed Request: GET /api/v1/trips/ | Status: 500 | Duration: 0.388s
INFO 2026-07-12 11:32:41,268 middleware 7840 31232 Incoming Request: GET /api/v1/trips/ | User: AnonymousUser
INFO 2026-07-12 11:32:41,905 middleware 7840 29228 Incoming Request: GET /api/v1/maintenance/ | User: AnonymousUser
INFO 2026-07-12 11:32:42,113 middleware 7840 31232 Completed Request: GET /api/v1/trips/ | Status: 500 | Duration: 0.845s
INFO 2026-07-12 11:32:42,149 middleware 7840 29228 Completed Request: GET /api/v1/maintenance/ | Status: 200 | Duration: 0.244s
INFO 2026-07-12 11:32:44,670 middleware 7840 29228 Incoming Request: GET /api/v1/fuel/ | User: AnonymousUser
INFO 2026-07-12 11:32:44,751 middleware 7840 29228 Completed Request: GET /api/v1/fuel/ | Status: 200 | Duration: 0.081s
INFO 2026-07-12 11:32:46,279 middleware 7840 29228 Incoming Request: GET /api/v1/expenses/ | User: AnonymousUser
INFO 2026-07-12 11:32:46,369 middleware 7840 29228 Completed Request: GET /api/v1/expenses/ | Status: 200 | Duration: 0.088s
INFO 2026-07-12 11:32:50,570 middleware 7840 29228 Incoming Request: GET /api/v1/vehicles/ | User: AnonymousUser
INFO 2026-07-12 11:32:50,638 middleware 7840 29228 Completed Request: GET /api/v1/vehicles/ | Status: 200 | Duration: 0.068s
INFO 2026-07-12 11:33:47,608 middleware 19196 33784 Incoming Request: GET /api/v1/vehicles/ | User: AnonymousUser
INFO 2026-07-12 11:33:48,021 middleware 19196 33784 Completed Request: GET /api/v1/vehicles/ | Status: 200 | Duration: 0.414s
INFO 2026-07-12 11:33:57,902 middleware 1768 33760 Incoming Request: GET /api/v1/vehicles/ | User: AnonymousUser
INFO 2026-07-12 11:33:58,265 middleware 1768 33760 Completed Request: GET /api/v1/vehicles/ | Status: 200 | Duration: 0.363s
INFO 2026-07-12 11:34:06,938 middleware 18216 5076 Incoming Request: GET /api/v1/vehicles/ | User: AnonymousUser
INFO 2026-07-12 11:34:07,289 middleware 18216 5076 Completed Request: GET /api/v1/vehicles/ | Status: 200 | Duration: 0.351s
INFO 2026-07-12 11:34:17,226 middleware 7840 29228 Incoming Request: GET /api/v1/vehicles/ | User: AnonymousUser
INFO 2026-07-12 11:34:17,288 middleware 7840 29228 Completed Request: GET /api/v1/vehicles/ | Status: 200 | Duration: 0.062s
INFO 2026-07-12 11:34:26,363 middleware 23752 34192 Incoming Request: GET /api/v1/vehicles/ | User: AnonymousUser
INFO 2026-07-12 11:34:26,719 middleware 23752 34192 Completed Request: GET /api/v1/vehicles/ | Status: 200 | Duration: 0.357s
INFO 2026-07-12 11:34:35,861 middleware 24856 33324 Incoming Request: GET /api/v1/vehicles/ | User: AnonymousUser
INFO 2026-07-12 11:34:36,212 middleware 24856 33324 Completed Request: GET /api/v1/vehicles/ | Status: 200 | Duration: 0.351s
INFO 2026-07-12 11:34:45,362 middleware 33768 25120 Incoming Request: GET /api/v1/vehicles/ | User: AnonymousUser
INFO 2026-07-12 11:34:45,827 middleware 33768 25120 Completed Request: GET /api/v1/vehicles/ | Status: 200 | Duration: 0.465s
INFO 2026-07-12 11:35:51,817 middleware 31784 32644 Incoming Request: GET /api/v1/trips/ | User: AnonymousUser
INFO 2026-07-12 11:35:52,316 middleware 31784 32644 Completed Request: GET /api/v1/trips/ | Status: 500 | Duration: 0.499s
INFO 2026-07-12 11:35:59,478 middleware 7840 29228 Incoming Request: GET /api/v1/vehicles/ | User: AnonymousUser
INFO 2026-07-12 11:35:59,563 middleware 7840 29228 Completed Request: GET /api/v1/vehicles/ | Status: 200 | Duration: 0.084s
INFO 2026-07-12 11:36:36,341 middleware 18164 32464 Incoming Request: GET /api/v1/vehicles/ | User: AnonymousUser
INFO 2026-07-12 11:36:36,694 middleware 18164 32464 Completed Request: GET /api/v1/vehicles/ | Status: 200 | Duration: 0.353s
INFO 2026-07-12 11:36:46,691 middleware 29144 30492 Incoming Request: GET /api/v1/trips/ | User: AnonymousUser
INFO 2026-07-12 11:36:47,063 middleware 29144 30492 Completed Request: GET /api/v1/trips/ | Status: 200 | Duration: 0.372s
INFO 2026-07-12 11:37:03,920 middleware 33816 33188 Incoming Request: GET /api/v1/vehicles/ | User: AnonymousUser
INFO 2026-07-12 11:37:04,000 middleware 33816 33188 Completed Request: GET /api/v1/vehicles/ | Status: 200 | Duration: 0.081s
INFO 2026-07-12 11:37:10,117 middleware 33816 33188 Incoming Request: GET /api/v1/dashboard/summary/ | User: AnonymousUser
INFO 2026-07-12 11:37:10,120 middleware 33816 20440 Incoming Request: GET /api/v1/dashboard/charts/ | User: AnonymousUser
INFO 2026-07-12 11:37:10,184 middleware 33816 20440 Completed Request: GET /api/v1/dashboard/charts/ | Status: 200 | Duration: 0.064s
INFO 2026-07-12 11:37:10,186 middleware 33816 20440 Incoming Request: GET /api/v1/dashboard/recent/ | User: AnonymousUser
INFO 2026-07-12 11:37:10,191 middleware 33816 33188 Completed Request: GET /api/v1/dashboard/summary/ | Status: 200 | Duration: 0.074s
INFO 2026-07-12 11:37:10,259 middleware 33816 20440 Completed Request: GET /api/v1/dashboard/recent/ | Status: 200 | Duration: 0.073s
INFO 2026-07-12 11:37:13,710 middleware 33816 20440 Incoming Request: GET /api/v1/drivers/ | User: AnonymousUser
INFO 2026-07-12 11:37:13,772 middleware 33816 20440 Completed Request: GET /api/v1/drivers/ | Status: 200 | Duration: 0.062s
INFO 2026-07-12 11:55:43,563 middleware 33816 7660 Incoming Request: GET /api/v1/drivers/ | User: AnonymousUser
INFO 2026-07-12 11:55:43,648 middleware 33816 7660 Completed Request: GET /api/v1/drivers/ | Status: 200 | Duration: 0.085s
INFO 2026-07-12 12:00:53,310 middleware 33816 19668 Incoming Request: GET /api/v1/drivers/ | User: AnonymousUser
INFO 2026-07-12 12:00:53,393 middleware 33816 19668 Completed Request: GET /api/v1/drivers/ | Status: 200 | Duration: 0.083s
INFO 2026-07-12 12:01:17,996 middleware 33816 19668 Incoming Request: GET /api/v1/drivers/ | User: AnonymousUser
INFO 2026-07-12 12:01:18,154 middleware 33816 19668 Completed Request: GET /api/v1/drivers/ | Status: 200 | Duration: 0.157s
INFO 2026-07-12 12:02:56,787 middleware 33816 28332 Incoming Request: GET /admin/ | User: AnonymousUser
INFO 2026-07-12 12:02:56,834 middleware 33816 28332 Completed Request: GET /admin/ | Status: 302 | Duration: 0.048s
INFO 2026-07-12 12:02:56,840 middleware 33816 28332 Incoming Request: GET /admin/login/ | User: AnonymousUser
INFO 2026-07-12 12:02:56,904 middleware 33816 28332 Completed Request: GET /admin/login/ | Status: 200 | Duration: 0.064s
INFO 2026-07-12 12:02:57,200 middleware 33816 28332 Incoming Request: GET /favicon.ico | User: AnonymousUser
INFO 2026-07-12 12:02:57,209 middleware 33816 28332 Completed Request: GET /favicon.ico | Status: 404 | Duration: 0.009s
INFO 2026-07-12 12:04:52,412 middleware 33816 28332 Incoming Request: POST /admin/login/ | User: AnonymousUser
INFO 2026-07-12 12:04:52,919 middleware 33816 28332 Completed Request: POST /admin/login/ | Status: 302 | Duration: 0.507s
INFO 2026-07-12 12:04:52,977 middleware 33816 28332 Incoming Request: GET /admin/ | User:   (rudra@transitops.com)
INFO 2026-07-12 12:04:53,041 middleware 33816 28332 Completed Request: GET /admin/ | Status: 200 | Duration: 0.114s
INFO 2026-07-12 12:05:13,990 middleware 33816 19668 Incoming Request: GET /api/v1/drivers/ | User: AnonymousUser
INFO 2026-07-12 12:05:14,060 middleware 33816 19668 Completed Request: GET /api/v1/drivers/ | Status: 200 | Duration: 0.070s
INFO 2026-07-12 12:09:28,352 middleware 23980 25968 Incoming Request: GET /api/v1/vehicles/ | User: AnonymousUser
INFO 2026-07-12 12:09:28,542 middleware 23980 25968 Completed Request: GET /api/v1/vehicles/ | Status: 200 | Duration: 0.190s
INFO 2026-07-12 12:12:55,230 middleware 23980 25968 Incoming Request: GET /api/v1/drivers/ | User: AnonymousUser
INFO 2026-07-12 12:12:55,306 middleware 23980 25968 Completed Request: GET /api/v1/drivers/ | Status: 200 | Duration: 0.076s
INFO 2026-07-12 12:12:58,789 middleware 23980 25968 Incoming Request: GET /api/v1/drivers/ | User: AnonymousUser
INFO 2026-07-12 12:12:58,852 middleware 23980 25968 Completed Request: GET /api/v1/drivers/ | Status: 200 | Duration: 0.063s
INFO 2026-07-12 12:13:01,301 middleware 23980 25968 Incoming Request: GET /api/v1/vehicles/ | User: AnonymousUser
INFO 2026-07-12 12:13:01,467 middleware 23980 25968 Completed Request: GET /api/v1/vehicles/ | Status: 200 | Duration: 0.166s
INFO 2026-07-12 12:13:19,130 middleware 23980 25968 Incoming Request: POST /api/v1/drivers/ | User: AnonymousUser
INFO 2026-07-12 12:13:19,230 middleware 23980 25968 Completed Request: POST /api/v1/drivers/ | Status: 400 | Duration: 0.100s
INFO 2026-07-12 12:13:20,588 middleware 23980 25968 Incoming Request: POST /api/v1/drivers/ | User: AnonymousUser
INFO 2026-07-12 12:13:20,643 middleware 23980 25968 Completed Request: POST /api/v1/drivers/ | Status: 400 | Duration: 0.055s
INFO 2026-07-12 12:13:27,714 middleware 23980 25968 Incoming Request: POST /api/v1/drivers/ | User: AnonymousUser
INFO 2026-07-12 12:13:27,777 middleware 23980 25968 Completed Request: POST /api/v1/drivers/ | Status: 400 | Duration: 0.064s
INFO 2026-07-12 12:15:23,774 middleware 23980 29700 Incoming Request: POST /api/v1/drivers/ | User: AnonymousUser
INFO 2026-07-12 12:15:23,833 middleware 23980 29700 Completed Request: POST /api/v1/drivers/ | Status: 400 | Duration: 0.058s
INFO 2026-07-12 12:18:49,670 middleware 13952 9840 Incoming Request: POST /api/v1/drivers/ | User: AnonymousUser
INFO 2026-07-12 12:18:49,790 middleware 13952 9840 Completed Request: POST /api/v1/drivers/ | Status: 500 | Duration: 0.120s
INFO 2026-07-12 12:21:44,715 middleware 29280 32356 Incoming Request: POST /api/v1/drivers/ | User: AnonymousUser
INFO 2026-07-12 12:21:44,834 middleware 29280 32356 Completed Request: POST /api/v1/drivers/ | Status: 201 | Duration: 0.119s
INFO 2026-07-12 12:21:58,936 middleware 29280 7788 Incoming Request: GET /api/v1/vehicles/ | User: AnonymousUser
INFO 2026-07-12 12:21:59,004 middleware 29280 7788 Completed Request: GET /api/v1/vehicles/ | Status: 200 | Duration: 0.068s
INFO 2026-07-12 12:22:01,046 middleware 29280 33768 Incoming Request: POST /api/v1/drivers/ | User: AnonymousUser
INFO 2026-07-12 12:22:01,113 middleware 29280 33768 Completed Request: POST /api/v1/drivers/ | Status: 201 | Duration: 0.067s
INFO 2026-07-12 12:22:26,379 middleware 29280 11136 Incoming Request: GET /api/v1/drivers/ | User: AnonymousUser
INFO 2026-07-12 12:22:26,449 middleware 29280 11136 Completed Request: GET /api/v1/drivers/ | Status: 200 | Duration: 0.070s
INFO 2026-07-12 12:22:28,365 middleware 29280 11136 Incoming Request: GET /api/v1/drivers/ | User: AnonymousUser
INFO 2026-07-12 12:22:28,433 middleware 29280 11136 Completed Request: GET /api/v1/drivers/ | Status: 200 | Duration: 0.068s
INFO 2026-07-12 12:22:31,761 middleware 29280 11136 Incoming Request: GET /api/v1/drivers/ | User: AnonymousUser
INFO 2026-07-12 12:22:31,828 middleware 29280 11136 Completed Request: GET /api/v1/drivers/ | Status: 200 | Duration: 0.067s
INFO 2026-07-12 12:22:34,383 middleware 29280 11136 Incoming Request: GET /api/v1/vehicles/ | User: AnonymousUser
INFO 2026-07-12 12:22:34,452 middleware 29280 11136 Completed Request: GET /api/v1/vehicles/ | Status: 200 | Duration: 0.069s
INFO 2026-07-12 12:22:43,669 middleware 29280 11136 Incoming Request: POST /api/v1/drivers/ | User: AnonymousUser
INFO 2026-07-12 12:22:43,765 middleware 29280 11136 Completed Request: POST /api/v1/drivers/ | Status: 201 | Duration: 0.098s
INFO 2026-07-12 12:22:43,773 middleware 29280 11136 Incoming Request: GET /api/v1/drivers/ | User: AnonymousUser
INFO 2026-07-12 12:22:43,839 middleware 29280 11136 Completed Request: GET /api/v1/drivers/ | Status: 200 | Duration: 0.066s
INFO 2026-07-12 12:23:16,764 middleware 29280 11136 Incoming Request: GET /api/v1/trips/ | User: AnonymousUser
INFO 2026-07-12 12:23:16,843 middleware 29280 11136 Completed Request: GET /api/v1/trips/ | Status: 200 | Duration: 0.079s
INFO 2026-07-12 12:23:53,771 middleware 29280 11136 Incoming Request: GET /api/v1/maintenance/ | User: AnonymousUser
INFO 2026-07-12 12:23:53,848 middleware 29280 11136 Completed Request: GET /api/v1/maintenance/ | Status: 200 | Duration: 0.076s
INFO 2026-07-12 12:24:00,120 middleware 29280 11136 Incoming Request: GET /api/v1/fuel/ | User: AnonymousUser
INFO 2026-07-12 12:24:00,200 middleware 29280 11136 Completed Request: GET /api/v1/fuel/ | Status: 200 | Duration: 0.080s
INFO 2026-07-12 12:24:06,014 middleware 29280 11136 Incoming Request: GET /api/v1/expenses/ | User: AnonymousUser
INFO 2026-07-12 12:24:06,096 middleware 29280 11136 Completed Request: GET /api/v1/expenses/ | Status: 200 | Duration: 0.083s
INFO 2026-07-12 12:24:12,659 middleware 29280 11136 Incoming Request: GET /api/v1/reports/financial/ | User: AnonymousUser
INFO 2026-07-12 12:24:12,737 middleware 29280 11136 Completed Request: GET /api/v1/reports/financial/ | Status: 200 | Duration: 0.078s
INFO 2026-07-12 12:24:22,115 middleware 29280 11136 Incoming Request: GET /api/v1/reports/financial/ | User: AnonymousUser
INFO 2026-07-12 12:24:22,184 middleware 29280 11136 Completed Request: GET /api/v1/reports/financial/ | Status: 200 | Duration: 0.069s
INFO 2026-07-12 12:24:25,421 middleware 29280 11136 Incoming Request: GET /api/v1/reports/financial/ | User: AnonymousUser
INFO 2026-07-12 12:24:25,485 middleware 29280 11136 Completed Request: GET /api/v1/reports/financial/ | Status: 200 | Duration: 0.063s
INFO 2026-07-12 12:24:31,751 middleware 29280 11136 Incoming Request: GET /api/v1/reports/financial/ | User: AnonymousUser
INFO 2026-07-12 12:24:31,814 middleware 29280 11136 Completed Request: GET /api/v1/reports/financial/ | Status: 200 | Duration: 0.062s
INFO 2026-07-12 12:38:07,853 middleware 5812 34220 Incoming Request: GET /api/v1/reports/financial/ | User: AnonymousUser
INFO 2026-07-12 12:38:07,986 middleware 5812 34220 Completed Request: GET /api/v1/reports/financial/ | Status: 200 | Duration: 0.134s
INFO 2026-07-12 12:38:09,082 middleware 5812 34220 Incoming Request: GET /api/v1/reports/financial/ | User: AnonymousUser
INFO 2026-07-12 12:38:09,152 middleware 5812 34220 Completed Request: GET /api/v1/reports/financial/ | Status: 200 | Duration: 0.070s
INFO 2026-07-12 12:38:18,939 middleware 5812 34220 Incoming Request: GET /api/v1/reports/fleet/ | User: AnonymousUser
INFO 2026-07-12 12:38:19,012 middleware 5812 34220 Completed Request: GET /api/v1/reports/fleet/ | Status: 200 | Duration: 0.074s
INFO 2026-07-12 12:38:21,500 middleware 5812 34220 Incoming Request: GET /api/v1/reports/trips/ | User: AnonymousUser
INFO 2026-07-12 12:38:21,546 middleware 5812 34220 Completed Request: GET /api/v1/reports/trips/ | Status: 500 | Duration: 0.046s
INFO 2026-07-12 12:38:22,561 middleware 5812 34220 Incoming Request: GET /api/v1/reports/trips/ | User: AnonymousUser
INFO 2026-07-12 12:38:22,612 middleware 5812 34220 Completed Request: GET /api/v1/reports/trips/ | Status: 500 | Duration: 0.051s
INFO 2026-07-12 12:38:24,623 middleware 5812 34220 Incoming Request: GET /api/v1/reports/trips/ | User: AnonymousUser
INFO 2026-07-12 12:38:24,672 middleware 5812 34220 Completed Request: GET /api/v1/reports/trips/ | Status: 500 | Duration: 0.048s
INFO 2026-07-12 12:38:28,679 middleware 5812 34220 Incoming Request: GET /api/v1/reports/trips/ | User: AnonymousUser
INFO 2026-07-12 12:38:28,742 middleware 5812 34220 Completed Request: GET /api/v1/reports/trips/ | Status: 500 | Duration: 0.063s
INFO 2026-07-12 12:38:47,708 middleware 5812 34220 Incoming Request: GET /api/v1/reports/trips/ | User: AnonymousUser
INFO 2026-07-12 12:38:47,791 middleware 5812 34220 Completed Request: GET /api/v1/reports/trips/ | Status: 500 | Duration: 0.083s
INFO 2026-07-12 12:38:48,802 middleware 5812 34220 Incoming Request: GET /api/v1/reports/trips/ | User: AnonymousUser
INFO 2026-07-12 12:38:48,961 middleware 5812 34220 Completed Request: GET /api/v1/reports/trips/ | Status: 500 | Duration: 0.159s
INFO 2026-07-12 12:40:34,137 middleware 5812 34220 Incoming Request: GET /api/v1/reports/trips/ | User: AnonymousUser
INFO 2026-07-12 12:40:34,349 middleware 5812 34220 Completed Request: GET /api/v1/reports/trips/ | Status: 500 | Duration: 0.213s
INFO 2026-07-12 12:42:05,447 middleware 16348 2268 Incoming Request: GET /api/v1/reports/trips/ | User: AnonymousUser
INFO 2026-07-12 12:42:05,523 middleware 16348 2268 Completed Request: GET /api/v1/reports/trips/ | Status: 500 | Duration: 0.076s
INFO 2026-07-12 12:42:17,640 middleware 16348 2268 Incoming Request: GET /api/v1/reports/trips/ | User: AnonymousUser
INFO 2026-07-12 12:42:17,709 middleware 16348 2268 Completed Request: GET /api/v1/reports/trips/ | Status: 500 | Duration: 0.068s
INFO 2026-07-12 12:44:14,714 middleware 9988 16072 Incoming Request: GET /api/v1/reports/trips/ | User: AnonymousUser
INFO 2026-07-12 12:44:14,775 middleware 9988 16072 Completed Request: GET /api/v1/reports/trips/ | Status: 500 | Duration: 0.062s
INFO 2026-07-12 12:44:17,180 middleware 9988 16072 Incoming Request: GET /api/v1/reports/financial/ | User: AnonymousUser
INFO 2026-07-12 12:44:17,308 middleware 9988 16072 Completed Request: GET /api/v1/reports/financial/ | Status: 200 | Duration: 0.128s
INFO 2026-07-12 12:44:19,718 middleware 9988 16072 Incoming Request: GET /api/v1/reports/fleet/ | User: AnonymousUser
INFO 2026-07-12 12:44:19,788 middleware 9988 16072 Completed Request: GET /api/v1/reports/fleet/ | Status: 200 | Duration: 0.070s
INFO 2026-07-12 12:44:24,489 middleware 9988 16072 Incoming Request: GET /api/v1/reports/trips/ | User: AnonymousUser
INFO 2026-07-12 12:44:24,540 middleware 9988 16072 Completed Request: GET /api/v1/reports/trips/ | Status: 500 | Duration: 0.051s
INFO 2026-07-12 12:44:25,550 middleware 9988 16072 Incoming Request: GET /api/v1/reports/trips/ | User: AnonymousUser
INFO 2026-07-12 12:44:25,601 middleware 9988 16072 Completed Request: GET /api/v1/reports/trips/ | Status: 500 | Duration: 0.051s
INFO 2026-07-12 12:44:27,613 middleware 9988 16072 Incoming Request: GET /api/v1/reports/trips/ | User: AnonymousUser
INFO 2026-07-12 12:44:27,777 middleware 9988 16072 Completed Request: GET /api/v1/reports/trips/ | Status: 500 | Duration: 0.164s
INFO 2026-07-12 12:44:31,786 middleware 9988 16072 Incoming Request: GET /api/v1/reports/trips/ | User: AnonymousUser
INFO 2026-07-12 12:44:31,847 middleware 9988 16072 Completed Request: GET /api/v1/reports/trips/ | Status: 500 | Duration: 0.061s
INFO 2026-07-12 12:46:29,316 middleware 9988 16072 Incoming Request: GET /api/v1/reports/trips/ | User: AnonymousUser
INFO 2026-07-12 12:46:29,369 middleware 9988 16072 Completed Request: GET /api/v1/reports/trips/ | Status: 500 | Duration: 0.054s
INFO 2026-07-12 12:46:30,378 middleware 9988 16072 Incoming Request: GET /api/v1/reports/trips/ | User: AnonymousUser
INFO 2026-07-12 12:46:30,444 middleware 9988 16072 Completed Request: GET /api/v1/reports/trips/ | Status: 500 | Duration: 0.066s
INFO 2026-07-12 12:46:53,323 middleware 20696 28708 Incoming Request: GET /api/v1/reports/trips/ | User: AnonymousUser
INFO 2026-07-12 12:46:53,385 middleware 20696 28708 Completed Request: GET /api/v1/reports/trips/ | Status: 500 | Duration: 0.063s
INFO 2026-07-12 08:12:13,003 middleware 88036 6129102848 Incoming Request: GET /api/v1/dashboard/summary/ | User: AnonymousUser
INFO 2026-07-12 08:12:13,005 middleware 88036 6179581952 Incoming Request: GET /api/v1/dashboard/recent/ | User: AnonymousUser
INFO 2026-07-12 08:12:13,005 middleware 88036 6145929216 Incoming Request: GET /api/v1/dashboard/kpis/ | User: AnonymousUser
INFO 2026-07-12 08:12:13,006 middleware 88036 6162755584 Incoming Request: GET /api/v1/dashboard/charts/ | User: AnonymousUser
INFO 2026-07-12 08:12:13,189 middleware 88036 6129102848 Completed Request: GET /api/v1/dashboard/summary/ | Status: 200 | Duration: 0.186s
INFO 2026-07-12 08:12:13,192 middleware 88036 6162755584 Completed Request: GET /api/v1/dashboard/charts/ | Status: 200 | Duration: 0.186s
INFO 2026-07-12 08:12:13,203 middleware 88036 6179581952 Completed Request: GET /api/v1/dashboard/recent/ | Status: 200 | Duration: 0.197s
INFO 2026-07-12 08:12:13,262 middleware 88036 6145929216 Completed Request: GET /api/v1/dashboard/kpis/ | Status: 200 | Duration: 0.257s
INFO 2026-07-12 08:12:23,722 middleware 88036 6145929216 Incoming Request: POST /api/v1/chatbot/chat/ | User: AnonymousUser
INFO 2026-07-12 08:12:24,171 middleware 88036 6145929216 Completed Request: POST /api/v1/chatbot/chat/ | Status: 500 | Duration: 0.449s
INFO 2026-07-12 08:12:39,352 middleware 88036 6162755584 Incoming Request: GET /api/v1/dashboard/charts/ | User: AnonymousUser
INFO 2026-07-12 08:12:39,353 middleware 88036 6179581952 Incoming Request: GET /api/v1/dashboard/kpis/ | User: AnonymousUser
INFO 2026-07-12 08:12:39,353 middleware 88036 6145929216 Incoming Request: GET /api/v1/dashboard/summary/ | User: AnonymousUser
INFO 2026-07-12 08:12:39,354 middleware 88036 6129102848 Incoming Request: GET /api/v1/dashboard/recent/ | User: AnonymousUser
INFO 2026-07-12 08:12:39,473 middleware 88036 6145929216 Completed Request: GET /api/v1/dashboard/summary/ | Status: 200 | Duration: 0.120s
INFO 2026-07-12 08:12:39,476 middleware 88036 6162755584 Completed Request: GET /api/v1/dashboard/charts/ | Status: 200 | Duration: 0.125s
INFO 2026-07-12 08:12:39,484 middleware 88036 6129102848 Completed Request: GET /api/v1/dashboard/recent/ | Status: 200 | Duration: 0.130s
INFO 2026-07-12 08:12:39,514 middleware 88036 6179581952 Completed Request: GET /api/v1/dashboard/kpis/ | Status: 200 | Duration: 0.161s
INFO 2026-07-12 08:13:54,535 middleware 90974 6166114304 Incoming Request: GET /api/v1/dashboard/summary/ | User: AnonymousUser
INFO 2026-07-12 08:13:54,535 middleware 90974 6216593408 Incoming Request: GET /api/v1/dashboard/recent/ | User: AnonymousUser
INFO 2026-07-12 08:13:54,536 middleware 90974 6182940672 Incoming Request: GET /api/v1/dashboard/kpis/ | User: AnonymousUser
INFO 2026-07-12 08:13:54,536 middleware 90974 6199767040 Incoming Request: GET /api/v1/dashboard/charts/ | User: AnonymousUser
INFO 2026-07-12 08:13:54,618 middleware 90974 6199767040 Completed Request: GET /api/v1/dashboard/charts/ | Status: 200 | Duration: 0.082s
INFO 2026-07-12 08:13:54,619 middleware 90974 6166114304 Completed Request: GET /api/v1/dashboard/summary/ | Status: 200 | Duration: 0.085s
INFO 2026-07-12 08:13:54,638 middleware 90974 6216593408 Completed Request: GET /api/v1/dashboard/recent/ | Status: 200 | Duration: 0.103s
INFO 2026-07-12 08:13:54,694 middleware 90974 6182940672 Completed Request: GET /api/v1/dashboard/kpis/ | Status: 200 | Duration: 0.159s
INFO 2026-07-12 08:14:10,898 middleware 90974 6182940672 Incoming Request: POST /api/v1/chatbot/chat/ | User: AnonymousUser
INFO 2026-07-12 08:14:11,323 middleware 90974 6182940672 Completed Request: POST /api/v1/chatbot/chat/ | Status: 500 | Duration: 0.426s
INFO 2026-07-12 08:14:19,563 middleware 90974 6182940672 Incoming Request: GET /api/v1/dashboard/summary/ | User: AnonymousUser
INFO 2026-07-12 08:14:19,565 middleware 90974 6199767040 Incoming Request: GET /api/v1/dashboard/charts/ | User: AnonymousUser
INFO 2026-07-12 08:14:19,565 middleware 90974 6216593408 Incoming Request: GET /api/v1/dashboard/kpis/ | User: AnonymousUser
INFO 2026-07-12 08:14:19,567 middleware 90974 6166114304 Incoming Request: GET /api/v1/dashboard/recent/ | User: AnonymousUser
INFO 2026-07-12 08:14:19,623 middleware 90974 6199767040 Completed Request: GET /api/v1/dashboard/charts/ | Status: 200 | Duration: 0.059s
INFO 2026-07-12 08:14:19,629 middleware 90974 6182940672 Completed Request: GET /api/v1/dashboard/summary/ | Status: 200 | Duration: 0.067s
INFO 2026-07-12 08:14:19,639 middleware 90974 6166114304 Completed Request: GET /api/v1/dashboard/recent/ | Status: 200 | Duration: 0.073s
INFO 2026-07-12 08:14:19,733 middleware 90974 6216593408 Completed Request: GET /api/v1/dashboard/kpis/ | Status: 200 | Duration: 0.168s
INFO 2026-07-12 08:18:19,493 middleware 90974 6166114304 Incoming Request: GET /api/v1/dashboard/kpis/ | User: AnonymousUser
INFO 2026-07-12 08:18:19,499 middleware 90974 6199767040 Incoming Request: GET /api/v1/dashboard/charts/ | User: AnonymousUser
INFO 2026-07-12 08:18:19,508 middleware 90974 6182940672 Incoming Request: GET /api/v1/dashboard/recent/ | User: AnonymousUser
INFO 2026-07-12 08:18:19,509 middleware 90974 6216593408 Incoming Request: GET /api/v1/dashboard/summary/ | User: AnonymousUser
INFO 2026-07-12 08:18:19,626 middleware 90974 6216593408 Completed Request: GET /api/v1/dashboard/summary/ | Status: 200 | Duration: 0.118s
INFO 2026-07-12 08:18:19,628 middleware 90974 6199767040 Completed Request: GET /api/v1/dashboard/charts/ | Status: 200 | Duration: 0.129s
INFO 2026-07-12 08:18:19,635 middleware 90974 6182940672 Completed Request: GET /api/v1/dashboard/recent/ | Status: 200 | Duration: 0.127s
INFO 2026-07-12 08:18:19,660 middleware 90974 6166114304 Completed Request: GET /api/v1/dashboard/kpis/ | Status: 200 | Duration: 0.167s
INFO 2026-07-12 08:18:25,888 middleware 42903 6204534784 Incoming Request: POST /api/v1/chatbot/chat/ | User: AnonymousUser
INFO 2026-07-12 08:18:26,520 middleware 42903 6204534784 Completed Request: POST /api/v1/chatbot/chat/ | Status: 500 | Duration: 0.632s
INFO 2026-07-12 08:18:46,445 middleware 42903 6204534784 Incoming Request: POST /api/v1/chatbot/chat/ | User: AnonymousUser
INFO 2026-07-12 08:18:46,672 middleware 42903 6204534784 Completed Request: POST /api/v1/chatbot/chat/ | Status: 500 | Duration: 0.227s
INFO 2026-07-12 08:19:45,763 middleware 42903 6204534784 Incoming Request: GET /api/v1/dashboard/summary/ | User: AnonymousUser
INFO 2026-07-12 08:19:45,767 middleware 42903 6221934592 Incoming Request: GET /api/v1/dashboard/kpis/ | User: AnonymousUser
INFO 2026-07-12 08:19:45,782 middleware 42903 6238760960 Incoming Request: GET /api/v1/dashboard/charts/ | User: AnonymousUser
INFO 2026-07-12 08:19:45,788 middleware 42903 6255587328 Incoming Request: GET /api/v1/dashboard/recent/ | User: AnonymousUser
INFO 2026-07-12 08:19:45,836 middleware 42903 6238760960 Completed Request: GET /api/v1/dashboard/charts/ | Status: 200 | Duration: 0.054s
INFO 2026-07-12 08:19:45,844 middleware 42903 6255587328 Completed Request: GET /api/v1/dashboard/recent/ | Status: 200 | Duration: 0.056s
INFO 2026-07-12 08:19:45,844 middleware 42903 6204534784 Completed Request: GET /api/v1/dashboard/summary/ | Status: 200 | Duration: 0.083s
INFO 2026-07-12 08:19:45,872 middleware 42903 6221934592 Completed Request: GET /api/v1/dashboard/kpis/ | Status: 200 | Duration: 0.106s
INFO 2026-07-12 08:19:48,889 middleware 42903 6221934592 Incoming Request: GET /api/v1/dashboard/summary/ | User: AnonymousUser
INFO 2026-07-12 08:19:48,890 middleware 42903 6204534784 Incoming Request: GET /api/v1/dashboard/kpis/ | User: AnonymousUser
INFO 2026-07-12 08:19:48,891 middleware 42903 6255587328 Incoming Request: GET /api/v1/dashboard/charts/ | User: AnonymousUser
INFO 2026-07-12 08:19:48,891 middleware 42903 6238760960 Incoming Request: GET /api/v1/dashboard/recent/ | User: AnonymousUser
INFO 2026-07-12 08:19:48,952 middleware 42903 6255587328 Completed Request: GET /api/v1/dashboard/charts/ | Status: 200 | Duration: 0.061s
INFO 2026-07-12 08:19:48,957 middleware 42903 6221934592 Completed Request: GET /api/v1/dashboard/summary/ | Status: 200 | Duration: 0.069s
INFO 2026-07-12 08:19:48,966 middleware 42903 6238760960 Completed Request: GET /api/v1/dashboard/recent/ | Status: 200 | Duration: 0.075s
INFO 2026-07-12 08:19:48,989 middleware 42903 6204534784 Completed Request: GET /api/v1/dashboard/kpis/ | Status: 200 | Duration: 0.099s
INFO 2026-07-12 08:21:22,923 middleware 46953 12901707776 Incoming Request: GET /api/v1/dashboard/summary/ | User: AnonymousUser
INFO 2026-07-12 08:21:22,924 middleware 46953 12918534144 Incoming Request: GET /api/v1/dashboard/kpis/ | User: AnonymousUser
INFO 2026-07-12 08:21:22,924 middleware 46953 12935360512 Incoming Request: GET /api/v1/dashboard/charts/ | User: AnonymousUser
INFO 2026-07-12 08:21:22,930 middleware 46953 12952186880 Incoming Request: GET /api/v1/dashboard/recent/ | User: AnonymousUser
INFO 2026-07-12 08:21:23,050 middleware 46953 12935360512 Completed Request: GET /api/v1/dashboard/charts/ | Status: 200 | Duration: 0.126s
INFO 2026-07-12 08:21:23,062 middleware 46953 12901707776 Completed Request: GET /api/v1/dashboard/summary/ | Status: 200 | Duration: 0.140s
INFO 2026-07-12 08:21:23,069 middleware 46953 12952186880 Completed Request: GET /api/v1/dashboard/recent/ | Status: 200 | Duration: 0.139s
INFO 2026-07-12 08:21:23,104 middleware 46953 12918534144 Completed Request: GET /api/v1/dashboard/kpis/ | Status: 200 | Duration: 0.181s
INFO 2026-07-12 08:21:28,233 middleware 46953 12901707776 Incoming Request: GET /api/v1/dashboard/summary/ | User: AnonymousUser
INFO 2026-07-12 08:21:28,234 middleware 46953 12918534144 Incoming Request: GET /api/v1/dashboard/kpis/ | User: AnonymousUser
INFO 2026-07-12 08:21:28,236 middleware 46953 12935360512 Incoming Request: GET /api/v1/dashboard/charts/ | User: AnonymousUser
INFO 2026-07-12 08:21:28,275 middleware 46953 12952186880 Incoming Request: GET /api/v1/dashboard/recent/ | User: AnonymousUser
INFO 2026-07-12 08:21:28,386 middleware 46953 12935360512 Completed Request: GET /api/v1/dashboard/charts/ | Status: 200 | Duration: 0.150s
INFO 2026-07-12 08:21:28,395 middleware 46953 12952186880 Completed Request: GET /api/v1/dashboard/recent/ | Status: 200 | Duration: 0.120s
INFO 2026-07-12 08:21:28,396 middleware 46953 12901707776 Completed Request: GET /api/v1/dashboard/summary/ | Status: 200 | Duration: 0.164s
INFO 2026-07-12 08:21:28,440 middleware 46953 12918534144 Completed Request: GET /api/v1/dashboard/kpis/ | Status: 200 | Duration: 0.206s
INFO 2026-07-12 08:21:33,358 middleware 46953 12918534144 Incoming Request: POST /api/v1/chatbot/chat/ | User: AnonymousUser
INFO 2026-07-12 08:21:33,676 middleware 46953 12918534144 Completed Request: POST /api/v1/chatbot/chat/ | Status: 500 | Duration: 0.320s
INFO 2026-07-12 08:22:24,963 middleware 21687 6194360320 Incoming Request: GET /api/v1/dashboard/summary/ | User: AnonymousUser
INFO 2026-07-12 08:22:24,964 middleware 21687 6244839424 Incoming Request: GET /api/v1/dashboard/recent/ | User: AnonymousUser
INFO 2026-07-12 08:22:24,964 middleware 21687 6228013056 Incoming Request: GET /api/v1/dashboard/charts/ | User: AnonymousUser
INFO 2026-07-12 08:22:24,971 middleware 21687 6211186688 Incoming Request: GET /api/v1/dashboard/kpis/ | User: AnonymousUser
INFO 2026-07-12 08:22:25,089 middleware 21687 6194360320 Completed Request: GET /api/v1/dashboard/summary/ | Status: 200 | Duration: 0.126s
INFO 2026-07-12 08:22:25,094 middleware 21687 6228013056 Completed Request: GET /api/v1/dashboard/charts/ | Status: 200 | Duration: 0.129s
INFO 2026-07-12 08:22:25,099 middleware 21687 6244839424 Completed Request: GET /api/v1/dashboard/recent/ | Status: 200 | Duration: 0.136s
INFO 2026-07-12 08:22:25,150 middleware 21687 6211186688 Completed Request: GET /api/v1/dashboard/kpis/ | Status: 200 | Duration: 0.179s
INFO 2026-07-12 08:25:45,928 middleware 52936 6192443392 Incoming Request: GET /api/v1/dashboard/summary/ | User: AnonymousUser
INFO 2026-07-12 08:25:45,928 middleware 52936 6226096128 Incoming Request: GET /api/v1/dashboard/charts/ | User: AnonymousUser
INFO 2026-07-12 08:25:45,929 middleware 52936 6209269760 Incoming Request: GET /api/v1/dashboard/kpis/ | User: AnonymousUser
INFO 2026-07-12 08:25:45,929 middleware 52936 6242922496 Incoming Request: GET /api/v1/dashboard/recent/ | User: AnonymousUser
INFO 2026-07-12 08:25:46,274 middleware 52936 6192443392 Completed Request: GET /api/v1/dashboard/summary/ | Status: 200 | Duration: 0.347s
INFO 2026-07-12 08:25:46,278 middleware 52936 6242922496 Completed Request: GET /api/v1/dashboard/recent/ | Status: 200 | Duration: 0.349s
INFO 2026-07-12 08:25:46,279 middleware 52936 6226096128 Completed Request: GET /api/v1/dashboard/charts/ | Status: 200 | Duration: 0.351s
INFO 2026-07-12 08:25:46,441 middleware 52936 6209269760 Completed Request: GET /api/v1/dashboard/kpis/ | Status: 200 | Duration: 0.513s
INFO 2026-07-12 08:25:47,460 middleware 52936 6192443392 Incoming Request: GET /api/v1/dashboard/summary/ | User: AnonymousUser
INFO 2026-07-12 08:25:47,464 middleware 52936 6209269760 Incoming Request: GET /api/v1/dashboard/kpis/ | User: AnonymousUser
INFO 2026-07-12 08:25:47,468 middleware 52936 6226096128 Incoming Request: GET /api/v1/dashboard/charts/ | User: AnonymousUser
INFO 2026-07-12 08:25:47,500 middleware 52936 6242922496 Incoming Request: GET /api/v1/dashboard/recent/ | User: AnonymousUser
INFO 2026-07-12 08:25:47,586 middleware 52936 6226096128 Completed Request: GET /api/v1/dashboard/charts/ | Status: 200 | Duration: 0.118s
INFO 2026-07-12 08:25:47,597 middleware 52936 6192443392 Completed Request: GET /api/v1/dashboard/summary/ | Status: 200 | Duration: 0.137s
INFO 2026-07-12 08:25:47,609 middleware 52936 6242922496 Completed Request: GET /api/v1/dashboard/recent/ | Status: 200 | Duration: 0.110s
INFO 2026-07-12 08:25:47,631 middleware 52936 6209269760 Completed Request: GET /api/v1/dashboard/kpis/ | Status: 200 | Duration: 0.167s
INFO 2026-07-12 08:25:53,042 middleware 52936 6209269760 Incoming Request: POST /api/v1/chatbot/chat/ | User: AnonymousUser
INFO 2026-07-12 08:25:53,621 middleware 52936 6209269760 Completed Request: POST /api/v1/chatbot/chat/ | Status: 200 | Duration: 0.579s
INFO 2026-07-12 08:26:01,900 middleware 52936 6209269760 Incoming Request: POST /api/v1/chatbot/chat/ | User: AnonymousUser
INFO 2026-07-12 08:26:02,508 middleware 52936 6209269760 Completed Request: POST /api/v1/chatbot/chat/ | Status: 200 | Duration: 0.609s
INFO 2026-07-12 08:26:32,664 middleware 52936 6209269760 Incoming Request: POST /api/v1/chatbot/chat/ | User: AnonymousUser
INFO 2026-07-12 08:26:33,072 middleware 52936 6209269760 Completed Request: POST /api/v1/chatbot/chat/ | Status: 200 | Duration: 0.408s
INFO 2026-07-12 08:27:49,850 middleware 52936 6209269760 Incoming Request: POST /api/v1/chatbot/chat/ | User: AnonymousUser
INFO 2026-07-12 08:27:50,344 middleware 52936 6209269760 Completed Request: POST /api/v1/chatbot/chat/ | Status: 200 | Duration: 0.494s
INFO 2026-07-12 08:28:28,465 middleware 52936 6209269760 Incoming Request: GET /api/v1/dashboard/summary/ | User: AnonymousUser
INFO 2026-07-12 08:28:28,467 middleware 52936 6192443392 Incoming Request: GET /api/v1/dashboard/charts/ | User: AnonymousUser
INFO 2026-07-12 08:28:28,468 middleware 52936 6226096128 Incoming Request: GET /api/v1/dashboard/recent/ | User: AnonymousUser
INFO 2026-07-12 08:28:28,469 middleware 52936 6242922496 Incoming Request: GET /api/v1/dashboard/kpis/ | User: AnonymousUser
INFO 2026-07-12 08:28:28,624 middleware 52936 6209269760 Completed Request: GET /api/v1/dashboard/summary/ | Status: 200 | Duration: 0.160s
INFO 2026-07-12 08:28:28,627 middleware 52936 6192443392 Completed Request: GET /api/v1/dashboard/charts/ | Status: 200 | Duration: 0.160s
INFO 2026-07-12 08:28:28,630 middleware 52936 6226096128 Completed Request: GET /api/v1/dashboard/recent/ | Status: 200 | Duration: 0.161s
INFO 2026-07-12 08:28:28,707 middleware 52936 6242922496 Completed Request: GET /api/v1/dashboard/kpis/ | Status: 200 | Duration: 0.238s
INFO 2026-07-12 08:28:30,523 middleware 52936 6242922496 Incoming Request: GET /api/v1/vehicles/ | User: AnonymousUser
INFO 2026-07-12 08:28:30,557 middleware 52936 6242922496 Completed Request: GET /api/v1/vehicles/ | Status: 200 | Duration: 0.035s
INFO 2026-07-12 08:28:33,477 middleware 52936 6242922496 Incoming Request: GET /api/v1/drivers/ | User: AnonymousUser
INFO 2026-07-12 08:28:33,537 middleware 52936 6242922496 Completed Request: GET /api/v1/drivers/ | Status: 200 | Duration: 0.060s
INFO 2026-07-12 08:28:35,469 middleware 52936 6242922496 Incoming Request: GET /api/v1/trips/ | User: AnonymousUser
INFO 2026-07-12 08:28:35,504 middleware 52936 6242922496 Completed Request: GET /api/v1/trips/ | Status: 200 | Duration: 0.036s
INFO 2026-07-12 08:28:37,269 middleware 52936 6242922496 Incoming Request: GET /api/v1/maintenance/ | User: AnonymousUser
INFO 2026-07-12 08:28:37,303 middleware 52936 6242922496 Completed Request: GET /api/v1/maintenance/ | Status: 200 | Duration: 0.034s
INFO 2026-07-12 08:28:39,156 middleware 52936 6242922496 Incoming Request: GET /api/v1/fuel/ | User: AnonymousUser
INFO 2026-07-12 08:28:39,198 middleware 52936 6242922496 Completed Request: GET /api/v1/fuel/ | Status: 200 | Duration: 0.042s
INFO 2026-07-12 08:28:40,588 middleware 52936 6242922496 Incoming Request: GET /api/v1/expenses/ | User: AnonymousUser
INFO 2026-07-12 08:28:40,654 middleware 52936 6242922496 Completed Request: GET /api/v1/expenses/ | Status: 200 | Duration: 0.067s
INFO 2026-07-12 08:28:42,806 middleware 52936 6242922496 Incoming Request: GET /api/v1/reports/financial/ | User: AnonymousUser
INFO 2026-07-12 08:28:42,840 middleware 52936 6242922496 Completed Request: GET /api/v1/reports/financial/ | Status: 200 | Duration: 0.034s
INFO 2026-07-12 08:28:45,453 middleware 52936 6226096128 Incoming Request: GET /api/v1/dashboard/kpis/ | User: AnonymousUser
INFO 2026-07-12 08:28:45,461 middleware 52936 6192443392 Incoming Request: GET /api/v1/dashboard/charts/ | User: AnonymousUser
INFO 2026-07-12 08:28:45,461 middleware 52936 6209269760 Incoming Request: GET /api/v1/dashboard/recent/ | User: AnonymousUser
INFO 2026-07-12 08:28:45,461 middleware 52936 6242922496 Incoming Request: GET /api/v1/dashboard/summary/ | User: AnonymousUser
INFO 2026-07-12 08:28:45,540 middleware 52936 6192443392 Completed Request: GET /api/v1/dashboard/charts/ | Status: 200 | Duration: 0.079s
INFO 2026-07-12 08:28:45,548 middleware 52936 6209269760 Completed Request: GET /api/v1/dashboard/recent/ | Status: 200 | Duration: 0.087s
INFO 2026-07-12 08:28:45,548 middleware 52936 6242922496 Completed Request: GET /api/v1/dashboard/summary/ | Status: 200 | Duration: 0.087s
INFO 2026-07-12 08:28:45,582 middleware 52936 6226096128 Completed Request: GET /api/v1/dashboard/kpis/ | Status: 200 | Duration: 0.130s
INFO 2026-07-12 08:30:57,694 middleware 52936 6226096128 Incoming Request: GET /api/v1/dashboard/summary/ | User: AnonymousUser
INFO 2026-07-12 08:30:57,696 middleware 52936 6192443392 Incoming Request: GET /api/v1/dashboard/recent/ | User: AnonymousUser
INFO 2026-07-12 08:30:57,701 middleware 52936 6209269760 Incoming Request: GET /api/v1/dashboard/charts/ | User: AnonymousUser
INFO 2026-07-12 08:30:57,703 middleware 52936 6242922496 Incoming Request: GET /api/v1/dashboard/kpis/ | User: AnonymousUser
INFO 2026-07-12 08:30:57,822 middleware 52936 6209269760 Completed Request: GET /api/v1/dashboard/charts/ | Status: 200 | Duration: 0.121s
INFO 2026-07-12 08:30:57,824 middleware 52936 6226096128 Completed Request: GET /api/v1/dashboard/summary/ | Status: 200 | Duration: 0.131s
INFO 2026-07-12 08:30:57,831 middleware 52936 6192443392 Completed Request: GET /api/v1/dashboard/recent/ | Status: 200 | Duration: 0.135s
INFO 2026-07-12 08:30:57,855 middleware 52936 6242922496 Completed Request: GET /api/v1/dashboard/kpis/ | Status: 200 | Duration: 0.152s
INFO 2026-07-12 08:31:07,157 middleware 52936 6242922496 Incoming Request: GET /api/v1/dashboard/summary/ | User: AnonymousUser
INFO 2026-07-12 08:31:07,158 middleware 52936 6192443392 Incoming Request: GET /api/v1/dashboard/kpis/ | User: AnonymousUser
INFO 2026-07-12 08:31:07,159 middleware 52936 6226096128 Incoming Request: GET /api/v1/dashboard/charts/ | User: AnonymousUser
INFO 2026-07-12 08:31:07,159 middleware 52936 6209269760 Incoming Request: GET /api/v1/dashboard/recent/ | User: AnonymousUser
INFO 2026-07-12 08:31:07,243 middleware 52936 6226096128 Completed Request: GET /api/v1/dashboard/charts/ | Status: 200 | Duration: 0.084s
INFO 2026-07-12 08:31:07,248 middleware 52936 6209269760 Completed Request: GET /api/v1/dashboard/recent/ | Status: 200 | Duration: 0.088s
INFO 2026-07-12 08:31:07,248 middleware 52936 6242922496 Completed Request: GET /api/v1/dashboard/summary/ | Status: 200 | Duration: 0.092s
INFO 2026-07-12 08:31:07,273 middleware 52936 6192443392 Completed Request: GET /api/v1/dashboard/kpis/ | Status: 200 | Duration: 0.115s
INFO 2026-07-12 08:31:10,084 middleware 52936 6192443392 Incoming Request: GET /api/v1/dashboard/summary/ | User: AnonymousUser
INFO 2026-07-12 08:31:10,085 middleware 52936 6242922496 Incoming Request: GET /api/v1/dashboard/kpis/ | User: AnonymousUser
INFO 2026-07-12 08:31:10,085 middleware 52936 6209269760 Incoming Request: GET /api/v1/dashboard/charts/ | User: AnonymousUser
INFO 2026-07-12 08:31:10,085 middleware 52936 6226096128 Incoming Request: GET /api/v1/dashboard/recent/ | User: AnonymousUser
INFO 2026-07-12 08:31:10,145 middleware 52936 6209269760 Completed Request: GET /api/v1/dashboard/charts/ | Status: 200 | Duration: 0.060s
INFO 2026-07-12 08:31:10,156 middleware 52936 6226096128 Completed Request: GET /api/v1/dashboard/recent/ | Status: 200 | Duration: 0.071s
INFO 2026-07-12 08:31:10,156 middleware 52936 6192443392 Completed Request: GET /api/v1/dashboard/summary/ | Status: 200 | Duration: 0.073s
INFO 2026-07-12 08:31:10,180 middleware 52936 6242922496 Completed Request: GET /api/v1/dashboard/kpis/ | Status: 200 | Duration: 0.095s
INFO 2026-07-12 08:31:25,648 middleware 52936 6242922496 Incoming Request: GET /api/v1/dashboard/summary/ | User: AnonymousUser
INFO 2026-07-12 08:31:25,650 middleware 52936 6192443392 Incoming Request: GET /api/v1/dashboard/kpis/ | User: AnonymousUser
INFO 2026-07-12 08:31:25,650 middleware 52936 6209269760 Incoming Request: GET /api/v1/dashboard/recent/ | User: AnonymousUser
INFO 2026-07-12 08:31:25,651 middleware 52936 6226096128 Incoming Request: GET /api/v1/dashboard/charts/ | User: AnonymousUser
INFO 2026-07-12 08:31:25,696 middleware 52936 6226096128 Completed Request: GET /api/v1/dashboard/charts/ | Status: 200 | Duration: 0.045s
INFO 2026-07-12 08:31:25,705 middleware 52936 6209269760 Completed Request: GET /api/v1/dashboard/recent/ | Status: 200 | Duration: 0.055s
INFO 2026-07-12 08:31:25,705 middleware 52936 6242922496 Completed Request: GET /api/v1/dashboard/summary/ | Status: 200 | Duration: 0.058s
INFO 2026-07-12 08:31:25,726 middleware 52936 6192443392 Completed Request: GET /api/v1/dashboard/kpis/ | Status: 200 | Duration: 0.076s
INFO 2026-07-12 08:32:41,212 middleware 52936 6226096128 Incoming Request: GET /api/v1/dashboard/recent/ | User: AnonymousUser
INFO 2026-07-12 08:32:41,212 middleware 52936 6242922496 Incoming Request: GET /api/v1/dashboard/kpis/ | User: AnonymousUser
INFO 2026-07-12 08:32:41,213 middleware 52936 6192443392 Incoming Request: GET /api/v1/dashboard/summary/ | User: AnonymousUser
INFO 2026-07-12 08:32:41,213 middleware 52936 6209269760 Incoming Request: GET /api/v1/dashboard/charts/ | User: AnonymousUser
INFO 2026-07-12 08:32:41,310 middleware 52936 6209269760 Completed Request: GET /api/v1/dashboard/charts/ | Status: 200 | Duration: 0.097s
INFO 2026-07-12 08:32:41,319 middleware 52936 6226096128 Completed Request: GET /api/v1/dashboard/recent/ | Status: 200 | Duration: 0.107s
INFO 2026-07-12 08:32:41,322 middleware 52936 6192443392 Completed Request: GET /api/v1/dashboard/summary/ | Status: 200 | Duration: 0.110s
INFO 2026-07-12 08:32:41,367 middleware 52936 6242922496 Completed Request: GET /api/v1/dashboard/kpis/ | Status: 200 | Duration: 0.155s
INFO 2026-07-12 08:32:43,704 middleware 52936 6192443392 Incoming Request: GET /api/v1/dashboard/kpis/ | User: AnonymousUser
INFO 2026-07-12 08:32:43,706 middleware 52936 6226096128 Incoming Request: GET /api/v1/dashboard/charts/ | User: AnonymousUser
INFO 2026-07-12 08:32:43,706 middleware 52936 6242922496 Incoming Request: GET /api/v1/dashboard/summary/ | User: AnonymousUser
INFO 2026-07-12 08:32:43,707 middleware 52936 6209269760 Incoming Request: GET /api/v1/dashboard/recent/ | User: AnonymousUser
INFO 2026-07-12 08:32:43,806 middleware 52936 6209269760 Completed Request: GET /api/v1/dashboard/recent/ | Status: 200 | Duration: 0.100s
INFO 2026-07-12 08:32:43,809 middleware 52936 6242922496 Completed Request: GET /api/v1/dashboard/summary/ | Status: 200 | Duration: 0.103s
INFO 2026-07-12 08:32:43,814 middleware 52936 6226096128 Completed Request: GET /api/v1/dashboard/charts/ | Status: 200 | Duration: 0.108s
INFO 2026-07-12 08:32:43,870 middleware 52936 6192443392 Completed Request: GET /api/v1/dashboard/kpis/ | Status: 200 | Duration: 0.166s
